\BOOKMARK [1][-]{section.0.1}{\376\377\0000\000.\0001\000\040\000I\000n\000t\000r\000o\000d\000u\000c\000t\000i\000o\000n}{}% 1
\BOOKMARK [2][-]{subsection.0.1.1}{\376\377\0000\000.\0001\000.\0001\000\040\000F\000U\000N\0003\000D\000\040\000A\000I\000M\000\040\000O\000v\000e\000r\000v\000i\000e\000w}{section.0.1}% 2
\BOOKMARK [2][-]{subsection.0.1.2}{\376\377\0000\000.\0001\000.\0002\000\040\000G\000e\000n\000e\000r\000a\000t\000i\000n\000g\000\040\000f\000u\000n\0003\000d\000.\000n\000m\000l}{section.0.1}% 3
\BOOKMARK [2][-]{subsection.0.1.3}{\376\377\0000\000.\0001\000.\0003\000\040\000M\000o\000r\000p\000h\000i\000n\000g\000\040\000t\000h\000e\000\040\000s\000u\000r\000f\000a\000c\000e\000\040\000m\000e\000s\000h}{section.0.1}% 4
\BOOKMARK [2][-]{subsection.0.1.4}{\376\377\0000\000.\0001\000.\0004\000\040\000E\000x\000a\000m\000p\000l\000e\000s}{section.0.1}% 5
\BOOKMARK [2][-]{subsection.0.1.5}{\376\377\0000\000.\0001\000.\0005\000\040\000C\000l\000e\000a\000r\000a\000n\000c\000e\000\040\000S\000t\000a\000t\000e\000m\000e\000n\000t}{section.0.1}% 6
\BOOKMARK [1][-]{section.0.2}{\376\377\0000\000.\0002\000\040\000A\000I\000M\000\040\000U\000n\000i\000t\000s}{}% 7
\BOOKMARK [1][-]{section.0.3}{\376\377\0000\000.\0003\000\040\000A\000I\000M\000\040\000I\000n\000p\000u\000t\000s}{}% 8
\BOOKMARK [1][-]{section.0.4}{\376\377\0000\000.\0004\000\040\000A\000I\000M\000\040\000O\000u\000t\000p\000u\000t\000s}{}% 9
\BOOKMARK [1][-]{section.0.5}{\376\377\0000\000.\0005\000\040\000F\000U\000N\0003\000D\000\040\000D\000a\000t\000a\000\040\000T\000r\000a\000n\000s\000f\000e\000r}{}% 10
\BOOKMARK [2][-]{subsection.0.5.1}{\376\377\0000\000.\0005\000.\0001\000\040\000D\000a\000t\000a\000\040\000t\000r\000a\000n\000s\000f\000e\000r\000\040\000f\000r\000o\000m\000\040\000F\000U\000N\0003\000D\000\040\000\050\000F\000i\000e\000l\000d\000O\000u\000t\000\051}{section.0.5}% 11
\BOOKMARK [2][-]{subsection.0.5.2}{\376\377\0000\000.\0005\000.\0002\000\040\000D\000a\000t\000a\000\040\000t\000r\000a\000n\000s\000f\000e\000r\000\040\000t\000o\000\040\000F\000U\000N\0003\000D\000\040\000\050\000F\000i\000e\000l\000d\000I\000n\000\051}{section.0.5}% 12
\BOOKMARK [1][-]{section.0.6}{\376\377\0000\000.\0006\000\040\000C\000F\000D\000\040\000B\000o\000u\000n\000d\000a\000r\000y\000\040\000C\000o\000n\000d\000i\000t\000i\000o\000n\000s}{}% 13
\BOOKMARK [2][-]{subsection.0.6.1}{\376\377\0000\000.\0006\000.\0001\000\040\000J\000S\000O\000N\000\040\000S\000t\000r\000i\000n\000g\000\040\000D\000i\000c\000t\000i\000o\000n\000a\000r\000y}{section.0.6}% 14
\BOOKMARK [3][-]{subsubsection.0.6.1.1}{\376\377\0000\000.\0006\000.\0001\000.\0001\000\040\000W\000a\000l\000l\000\040\000P\000r\000o\000p\000e\000r\000t\000i\000e\000s}{subsection.0.6.1}% 15
\BOOKMARK [3][-]{subsubsection.0.6.1.2}{\376\377\0000\000.\0006\000.\0001\000.\0002\000\040\000S\000t\000a\000g\000n\000a\000t\000i\000o\000n\000\040\000P\000r\000o\000p\000e\000r\000t\000i\000e\000s}{subsection.0.6.1}% 16
\BOOKMARK [3][-]{subsubsection.0.6.1.3}{\376\377\0000\000.\0006\000.\0001\000.\0003\000\040\000S\000t\000a\000t\000i\000c\000\040\000P\000r\000o\000p\000e\000r\000t\000i\000e\000s}{subsection.0.6.1}% 17
\BOOKMARK [3][-]{subsubsection.0.6.1.4}{\376\377\0000\000.\0006\000.\0001\000.\0004\000\040\000V\000e\000l\000o\000c\000i\000t\000y\000\040\000C\000o\000m\000p\000o\000n\000e\000n\000t\000s}{subsection.0.6.1}% 18
\BOOKMARK [3][-]{subsubsection.0.6.1.5}{\376\377\0000\000.\0006\000.\0001\000.\0005\000\040\000M\000a\000s\000s\000f\000l\000o\000w\000\040\000P\000r\000o\000p\000e\000r\000t\000i\000e\000s}{subsection.0.6.1}% 19
\BOOKMARK [2][-]{subsection.0.6.2}{\376\377\0000\000.\0006\000.\0002\000\040\000S\000i\000n\000g\000l\000e\000\040\000V\000a\000l\000u\000e\000\040\000S\000t\000r\000i\000n\000g}{section.0.6}% 20
\BOOKMARK [1][-]{section.0.7}{\376\377\0000\000.\0007\000\040\000C\000F\000D\000\040\000M\000o\000d\000a\000l\000\040\000A\000e\000r\000o\000e\000l\000a\000s\000t\000i\000c}{}% 21
\BOOKMARK [2][-]{subsection.0.7.1}{\376\377\0000\000.\0007\000.\0001\000\040\000J\000S\000O\000N\000\040\000S\000t\000r\000i\000n\000g\000\040\000D\000i\000c\000t\000i\000o\000n\000a\000r\000y}{section.0.7}% 22
\BOOKMARK [1][-]{section.0.8}{\376\377\0000\000.\0008\000\040\000C\000F\000D\000\040\000D\000e\000s\000i\000g\000n\000\040\000V\000a\000r\000i\000a\000b\000l\000e}{}% 23
\BOOKMARK [2][-]{subsection.0.8.1}{\376\377\0000\000.\0008\000.\0001\000\040\000J\000S\000O\000N\000\040\000S\000t\000r\000i\000n\000g\000\040\000D\000i\000c\000t\000i\000o\000n\000a\000r\000y}{section.0.8}% 24
\BOOKMARK [2][-]{subsection.0.8.2}{\376\377\0000\000.\0008\000.\0002\000\040\000S\000i\000n\000g\000l\000e\000\040\000V\000a\000l\000u\000e\000\040\000S\000t\000r\000i\000n\000g}{section.0.8}% 25
\BOOKMARK [1][-]{section.0.9}{\376\377\0000\000.\0009\000\040\000C\000F\000D\000\040\000F\000u\000n\000c\000t\000i\000o\000n\000a\000l}{}% 26
\BOOKMARK [2][-]{subsection.0.9.1}{\376\377\0000\000.\0009\000.\0001\000\040\000J\000S\000O\000N\000\040\000S\000t\000r\000i\000n\000g\000\040\000D\000i\000c\000t\000i\000o\000n\000a\000r\000y}{section.0.9}% 27
\BOOKMARK [1][-]{section.0.10}{\376\377\0000\000.\0001\0000\000\040\000F\000U\000N\0003\000D\000\040\000A\000I\000M\000\040\000E\000x\000a\000m\000p\000l\000e}{}% 28
\BOOKMARK [2][-]{subsection.0.10.1}{\376\377\0000\000.\0001\0000\000.\0001\000\040\000P\000r\000e\000r\000e\000q\000u\000i\000s\000i\000t\000e\000s}{section.0.10}% 29
\BOOKMARK [3][-]{subsubsection.0.10.1.1}{\376\377\0000\000.\0001\0000\000.\0001\000.\0001\000\040\000S\000c\000r\000i\000p\000t\000\040\000f\000i\000l\000e\000s}{subsection.0.10.1}% 30
\BOOKMARK [2][-]{subsection.0.10.2}{\376\377\0000\000.\0001\0000\000.\0002\000\040\000C\000r\000e\000a\000t\000i\000n\000g\000\040\000G\000e\000o\000m\000e\000t\000r\000y\000\040\000u\000s\000i\000n\000g\000\040\000E\000S\000P}{section.0.10}% 31
\BOOKMARK [2][-]{subsection.0.10.3}{\376\377\0000\000.\0001\0000\000.\0003\000\040\000P\000e\000r\000f\000o\000r\000m\000i\000n\000g\000\040\000a\000n\000a\000l\000y\000s\000i\000s\000\040\000u\000s\000i\000n\000g\000\040\000p\000y\000C\000A\000P\000S}{section.0.10}% 32
\BOOKMARK [2][-]{subsection.0.10.4}{\376\377\0000\000.\0001\0000\000.\0004\000\040\000E\000x\000e\000c\000u\000t\000i\000n\000g\000\040\000p\000y\000C\000A\000P\000S\000\040\000s\000c\000r\000i\000p\000t}{section.0.10}% 33
\BOOKMARK [1][-]{chapter*.3}{\376\377\000B\000i\000b\000l\000i\000o\000g\000r\000a\000p\000h\000y}{}% 34
