\BOOKMARK [1][-]{section.0.1}{\376\377\0000\000.\0001\000\040\000I\000n\000t\000r\000o\000d\000u\000c\000t\000i\000o\000n}{}% 1
\BOOKMARK [2][-]{subsection.0.1.1}{\376\377\0000\000.\0001\000.\0001\000\040\000A\000b\000a\000q\000u\000s\000\040\000A\000I\000M\000\040\000O\000v\000e\000r\000v\000i\000e\000w}{section.0.1}% 2
\BOOKMARK [1][-]{section.0.2}{\376\377\0000\000.\0002\000\040\000A\000b\000a\000q\000u\000s\000\040\000A\000I\000M\000\040\000a\000t\000t\000r\000i\000b\000u\000t\000e\000s}{}% 3
\BOOKMARK [1][-]{section.0.3}{\376\377\0000\000.\0003\000\040\000A\000I\000M\000\040\000I\000n\000p\000u\000t\000s}{}% 4
\BOOKMARK [1][-]{section.0.4}{\376\377\0000\000.\0004\000\040\000A\000I\000M\000\040\000O\000u\000t\000p\000u\000t\000s}{}% 5
\BOOKMARK [1][-]{section.0.5}{\376\377\0000\000.\0005\000\040\000A\000b\000a\000q\000u\000s\000\040\000D\000a\000t\000a\000\040\000T\000r\000a\000n\000s\000f\000e\000r}{}% 6
\BOOKMARK [2][-]{subsection.0.5.1}{\376\377\0000\000.\0005\000.\0001\000\040\000D\000a\000t\000a\000\040\000t\000r\000a\000n\000s\000f\000e\000r\000\040\000f\000r\000o\000m\000\040\000A\000b\000a\000q\000u\000s}{section.0.5}% 7
\BOOKMARK [2][-]{subsection.0.5.2}{\376\377\0000\000.\0005\000.\0002\000\040\000D\000a\000t\000a\000\040\000t\000r\000a\000n\000s\000f\000e\000r\000\040\000f\000r\000o\000m\000\040\000A\000b\000a\000q\000u\000s}{section.0.5}% 8
\BOOKMARK [1][-]{section.0.6}{\376\377\0000\000.\0006\000\040\000F\000E\000A\000\040\000M\000a\000t\000e\000r\000i\000a\000l}{}% 9
\BOOKMARK [2][-]{subsection.0.6.1}{\376\377\0000\000.\0006\000.\0001\000\040\000J\000S\000O\000N\000\040\000S\000t\000r\000i\000n\000g\000\040\000D\000i\000c\000t\000i\000o\000n\000a\000r\000y}{section.0.6}% 10
\BOOKMARK [2][-]{subsection.0.6.2}{\376\377\0000\000.\0006\000.\0002\000\040\000S\000i\000n\000g\000l\000e\000\040\000V\000a\000l\000u\000e\000\040\000S\000t\000r\000i\000n\000g}{section.0.6}% 11
\BOOKMARK [1][-]{section.0.7}{\376\377\0000\000.\0007\000\040\000F\000E\000A\000\040\000P\000r\000o\000p\000e\000r\000t\000y}{}% 12
\BOOKMARK [2][-]{subsection.0.7.1}{\376\377\0000\000.\0007\000.\0001\000\040\000J\000S\000O\000N\000\040\000S\000t\000r\000i\000n\000g\000\040\000D\000i\000c\000t\000i\000o\000n\000a\000r\000y}{section.0.7}% 13
\BOOKMARK [2][-]{subsection.0.7.2}{\376\377\0000\000.\0007\000.\0002\000\040\000S\000i\000n\000g\000l\000e\000\040\000V\000a\000l\000u\000e\000\040\000S\000t\000r\000i\000n\000g}{section.0.7}% 14
\BOOKMARK [1][-]{section.0.8}{\376\377\0000\000.\0008\000\040\000F\000E\000A\000\040\000C\000o\000n\000s\000t\000r\000a\000i\000n\000t}{}% 15
\BOOKMARK [2][-]{subsection.0.8.1}{\376\377\0000\000.\0008\000.\0001\000\040\000J\000S\000O\000N\000\040\000S\000t\000r\000i\000n\000g\000\040\000D\000i\000c\000t\000i\000o\000n\000a\000r\000y}{section.0.8}% 16
\BOOKMARK [2][-]{subsection.0.8.2}{\376\377\0000\000.\0008\000.\0002\000\040\000S\000i\000n\000g\000l\000e\000\040\000V\000a\000l\000u\000e\000\040\000S\000t\000r\000i\000n\000g}{section.0.8}% 17
\BOOKMARK [1][-]{section.0.9}{\376\377\0000\000.\0009\000\040\000F\000E\000A\000\040\000S\000u\000p\000p\000o\000r\000t}{}% 18
\BOOKMARK [2][-]{subsection.0.9.1}{\376\377\0000\000.\0009\000.\0001\000\040\000J\000S\000O\000N\000\040\000S\000t\000r\000i\000n\000g\000\040\000D\000i\000c\000t\000i\000o\000n\000a\000r\000y}{section.0.9}% 19
\BOOKMARK [2][-]{subsection.0.9.2}{\376\377\0000\000.\0009\000.\0002\000\040\000S\000i\000n\000g\000l\000e\000\040\000V\000a\000l\000u\000e\000\040\000S\000t\000r\000i\000n\000g}{section.0.9}% 20
\BOOKMARK [1][-]{section.0.10}{\376\377\0000\000.\0001\0000\000\040\000F\000E\000A\000\040\000C\000o\000n\000n\000e\000c\000t\000i\000o\000n}{}% 21
\BOOKMARK [2][-]{subsection.0.10.1}{\376\377\0000\000.\0001\0000\000.\0001\000\040\000J\000S\000O\000N\000\040\000S\000t\000r\000i\000n\000g\000\040\000D\000i\000c\000t\000i\000o\000n\000a\000r\000y}{section.0.10}% 22
\BOOKMARK [2][-]{subsection.0.10.2}{\376\377\0000\000.\0001\0000\000.\0002\000\040\000S\000i\000n\000g\000l\000e\000\040\000V\000a\000l\000u\000e\000\040\000S\000t\000r\000i\000n\000g}{section.0.10}% 23
\BOOKMARK [1][-]{section.0.11}{\376\377\0000\000.\0001\0001\000\040\000F\000E\000A\000\040\000L\000o\000a\000d}{}% 24
\BOOKMARK [2][-]{subsection.0.11.1}{\376\377\0000\000.\0001\0001\000.\0001\000\040\000J\000S\000O\000N\000\040\000S\000t\000r\000i\000n\000g\000\040\000D\000i\000c\000t\000i\000o\000n\000a\000r\000y}{section.0.11}% 25
\BOOKMARK [2][-]{subsection.0.11.2}{\376\377\0000\000.\0001\0001\000.\0002\000\040\000S\000i\000n\000g\000l\000e\000\040\000V\000a\000l\000u\000e\000\040\000S\000t\000r\000i\000n\000g}{section.0.11}% 26
\BOOKMARK [1][-]{section.0.12}{\376\377\0000\000.\0001\0002\000\040\000F\000E\000A\000\040\000A\000n\000a\000l\000y\000s\000i\000s}{}% 27
\BOOKMARK [2][-]{subsection.0.12.1}{\376\377\0000\000.\0001\0002\000.\0001\000\040\000J\000S\000O\000N\000\040\000S\000t\000r\000i\000n\000g\000\040\000D\000i\000c\000t\000i\000o\000n\000a\000r\000y}{section.0.12}% 28
\BOOKMARK [2][-]{subsection.0.12.2}{\376\377\0000\000.\0001\0002\000.\0002\000\040\000S\000i\000n\000g\000l\000e\000\040\000V\000a\000l\000u\000e\000\040\000S\000t\000r\000i\000n\000g}{section.0.12}% 29
\BOOKMARK [1][-]{section.0.13}{\376\377\0000\000.\0001\0003\000\040\000F\000E\000A\000\040\000D\000e\000s\000i\000g\000n\000\040\000V\000a\000r\000i\000a\000b\000l\000e\000s}{}% 30
\BOOKMARK [2][-]{subsection.0.13.1}{\376\377\0000\000.\0001\0003\000.\0001\000\040\000J\000S\000O\000N\000\040\000S\000t\000r\000i\000n\000g\000\040\000D\000i\000c\000t\000i\000o\000n\000a\000r\000y}{section.0.13}% 31
\BOOKMARK [1][-]{section.0.14}{\376\377\0000\000.\0001\0004\000\040\000F\000E\000A\000\040\000D\000e\000s\000i\000g\000n\000V\000a\000r\000i\000a\000b\000l\000e\000R\000e\000l\000a\000t\000i\000o\000n}{}% 32
\BOOKMARK [2][-]{subsection.0.14.1}{\376\377\0000\000.\0001\0004\000.\0001\000\040\000J\000S\000O\000N\000\040\000S\000t\000r\000i\000n\000g\000\040\000D\000i\000c\000t\000i\000o\000n\000a\000r\000y}{section.0.14}% 33
\BOOKMARK [1][-]{section.0.15}{\376\377\0000\000.\0001\0005\000\040\000F\000E\000A\000\040\000D\000e\000s\000i\000g\000n\000\040\000C\000o\000n\000s\000t\000r\000a\000i\000n\000t\000s}{}% 34
\BOOKMARK [2][-]{subsection.0.15.1}{\376\377\0000\000.\0001\0005\000.\0001\000\040\000J\000S\000O\000N\000\040\000S\000t\000r\000i\000n\000g\000\040\000D\000i\000c\000t\000i\000o\000n\000a\000r\000y}{section.0.15}% 35
\BOOKMARK [1][-]{section.0.16}{\376\377\0000\000.\0001\0006\000\040\000F\000E\000A\000\040\000O\000p\000t\000i\000m\000i\000z\000a\000t\000i\000o\000n\000\040\000C\000o\000n\000t\000r\000o\000l}{}% 36
\BOOKMARK [1][-]{section.0.17}{\376\377\0000\000.\0001\0007\000\040\000F\000E\000A\000\040\000D\000e\000s\000i\000g\000n\000\040\000E\000q\000u\000a\000t\000i\000o\000n\000s}{}% 37
\BOOKMARK [2][-]{subsection.0.17.1}{\376\377\0000\000.\0001\0007\000.\0001\000\040\000L\000i\000s\000t\000\040\000o\000f\000\040\000e\000q\000u\000a\000t\000i\000o\000n\000\040\000s\000t\000r\000i\000n\000g\000s}{section.0.17}% 38
\BOOKMARK [1][-]{section.0.18}{\376\377\0000\000.\0001\0008\000\040\000F\000E\000A\000\040\000T\000a\000b\000l\000e\000\040\000C\000o\000n\000s\000t\000a\000n\000t\000s}{}% 39
\BOOKMARK [1][-]{section.0.19}{\376\377\0000\000.\0001\0009\000\040\000F\000E\000A\000\040\000D\000e\000s\000i\000g\000n\000\040\000R\000e\000s\000p\000o\000n\000s\000e\000s}{}% 40
\BOOKMARK [2][-]{subsection.0.19.1}{\376\377\0000\000.\0001\0009\000.\0001\000\040\000J\000S\000O\000N\000\040\000S\000t\000r\000i\000n\000g\000\040\000D\000i\000c\000t\000i\000o\000n\000a\000r\000y}{section.0.19}% 41
\BOOKMARK [1][-]{section.0.20}{\376\377\0000\000.\0002\0000\000\040\000F\000E\000A\000\040\000D\000e\000s\000i\000g\000n\000\040\000E\000q\000u\000a\000t\000i\000o\000n\000\040\000R\000e\000s\000p\000o\000n\000s\000e\000s}{}% 42
\BOOKMARK [2][-]{subsection.0.20.1}{\376\377\0000\000.\0002\0000\000.\0001\000\040\000J\000S\000O\000N\000\040\000S\000t\000r\000i\000n\000g\000\040\000D\000i\000c\000t\000i\000o\000n\000a\000r\000y}{section.0.20}% 43
\BOOKMARK [1][-]{section.0.21}{\376\377\0000\000.\0002\0001\000\040\000F\000E\000A\000\040\000D\000e\000s\000i\000g\000n\000\040\000O\000p\000t\000i\000m\000i\000z\000a\000t\000i\000o\000n\000\040\000P\000a\000r\000a\000m\000e\000t\000e\000r\000s}{}% 44
\BOOKMARK [1][-]{section.0.22}{\376\377\0000\000.\0002\0002\000\040\000F\000E\000A\000\040\000A\000e\000r\000o\000d\000y\000n\000a\000m\000i\000c\000\040\000R\000e\000f\000e\000r\000e\000n\000c\000e\000s}{}% 45
\BOOKMARK [2][-]{subsection.0.22.1}{\376\377\0000\000.\0002\0002\000.\0001\000\040\000J\000S\000O\000N\000\040\000S\000t\000r\000i\000n\000g\000\040\000D\000i\000c\000t\000i\000o\000n\000a\000r\000y}{section.0.22}% 46
\BOOKMARK [1][-]{chapter*.2}{\376\377\000B\000i\000b\000l\000i\000o\000g\000r\000a\000p\000h\000y}{}% 47
